<?xml version="1.0" encoding="UTF-8"?>
<!-- Generated by org.testng.reporters.JUnitReportReporter -->
<testsuite hostname="LAPTOP-75JCMF81" failures="0" tests="1" name="uk.co.automationtesting.AddRemoveItemBasketTest" time="9.079" errors="0" timestamp="2024-01-04T17:43:00 EST" skipped="0">
  <testcase classname="uk.co.automationtesting.AddRemoveItemBasketTest" name="addRemoveItem" time="9.079"/>
  <system-out/>
</testsuite> <!-- uk.co.automationtesting.AddRemoveItemBasketTest -->
