<?xml version="1.0" encoding="UTF-8"?>
<!-- Generated by org.testng.reporters.JUnitReportReporter -->
<testsuite hostname="LAPTOP-75JCMF81" failures="0" tests="1" name="uk.co.automationtesting.OrderCompleteTest" time="12.185" errors="0" timestamp="2024-01-04T17:06:45 EST" skipped="0">
  <testcase classname="uk.co.automationtesting.OrderCompleteTest" name="endToEndTest" time="12.185"/>
  <system-out/>
</testsuite> <!-- uk.co.automationtesting.OrderCompleteTest -->
